<?xml version="1.0" encoding="UTF-8" ?>
<testsuite tests="4" failures="3" name="orm.TestCache" time="0.024" errors="0" skipped="0">
  <properties>
[...]
</properties>
  <testcase classname="orm.TestCache" name="orm.TestCache.testContainsTrue" time="0.001">
    <failure message="Cannot invoke &quot;Object.getClass()&quot; because &quot;o&quot; is null" type="java.lang.NullPointerException">java.lang.NullPointerException: Cannot invoke &quot;Object.getClass()&quot; because &quot;o&quot; is null
	at orm.Cache.contains(Cache.java:40)
	at orm.TestCache.testContainsTrue(TestCache.java:37)
</failure>
  </testcase>
  <testcase classname="orm.TestCache" name="orm.TestCache.testContainsTrue2" time="0.007">
    <failure message="expected: &lt;true&gt; but was: &lt;false&gt;" type="org.opentest4j.AssertionFailedError">org.opentest4j.AssertionFailedError: expected: &lt;true&gt; but was: &lt;false&gt;
	at org.junit.jupiter.api.AssertionUtils.fail(AssertionUtils.java:55)
	at org.junit.jupiter.api.AssertTrue.assertTrue(AssertTrue.java:40)
	at org.junit.jupiter.api.AssertTrue.assertTrue(AssertTrue.java:35)
	at org.junit.jupiter.api.Assertions.assertTrue(Assertions.java:179)
	at orm.TestCache.testContainsTrue2(TestCache.java:42)
</failure>
  </testcase>
  <testcase classname="orm.TestCache" name="orm.TestCache.testContainsFalse" time="0.016">
    <failure message="Cannot invoke &quot;orm.metamodel._Entity.getPrimaryKey()&quot; because the return value of &quot;orm.ORM.getEntity(Object)&quot; is null" type="java.lang.NullPointerException">java.lang.NullPointerException: Cannot invoke &quot;orm.metamodel._Entity.getPrimaryKey()&quot; because the return value of &quot;orm.ORM.getEntity(Object)&quot; is null
	at orm.Cache.contains(Cache.java:40)
	at orm.TestCache.testContainsFalse(TestCache.java:47)
</failure>
    <system-err>java.lang.NoSuchMethodException: orm.TestCache$TestDemo.getThis$0()
	at java.base/java.lang.Class.getMethod(Class.java:2227)
	at orm.metamodel._Entity.&lt;init&gt;(_Entity.java:74)
	at orm.ORM.getEntity(ORM.java:33)
	at orm.Cache.contains(Cache.java:40)
	at orm.TestCache.testContainsFalse(TestCache.java:47)
	at java.base/jdk.internal.reflect.NativeMethodAccessorImpl.invoke0(Native Method)
	at java.base/jdk.internal.reflect.NativeMethodAccessorImpl.invoke(NativeMethodAccessorImpl.java:77)
	at java.base/jdk.internal.reflect.DelegatingMethodAccessorImpl.invoke(DelegatingMethodAccessorImpl.java:43)
	at java.base/java.lang.reflect.Method.invoke(Method.java:568)
	at org.apache.maven.surefire.junit.PojoTestSet.executeTestMethod(PojoTestSet.java:151)
	at org.apache.maven.surefire.junit.PojoTestSet.executeTestMethods(PojoTestSet.java:102)
	at org.apache.maven.surefire.junit.PojoTestSet.execute(PojoTestSet.java:83)
	at org.apache.maven.surefire.junit.JUnit3Provider.executeTestSet(JUnit3Provider.java:121)
	at org.apache.maven.surefire.junit.JUnit3Provider.invoke(JUnit3Provider.java:98)
	at java.base/jdk.internal.reflect.NativeMethodAccessorImpl.invoke0(Native Method)
	at java.base/jdk.internal.reflect.NativeMethodAccessorImpl.invoke(NativeMethodAccessorImpl.java:77)
	at java.base/jdk.internal.reflect.DelegatingMethodAccessorImpl.invoke(DelegatingMethodAccessorImpl.java:43)
	at java.base/java.lang.reflect.Method.invoke(Method.java:568)
	at org.apache.maven.surefire.util.ReflectionUtils.invokeMethodWithArray(ReflectionUtils.java:189)
	at org.apache.maven.surefire.booter.ProviderFactory$ProviderProxy.invoke(ProviderFactory.java:165)
	at org.apache.maven.surefire.booter.ProviderFactory.invokeProvider(ProviderFactory.java:85)
	at org.apache.maven.surefire.booter.ForkedBooter.runSuitesInProcess(ForkedBooter.java:115)
	at org.apache.maven.surefire.booter.ForkedBooter.main(ForkedBooter.java:75)
</system-err>
  </testcase>
  <testcase classname="orm.TestCache" name="orm.TestCache.testContainsFalse2" time="0"/>
</testsuite>